\BOOKMARK [1][-]{section*.1}{\376\377\000I\000n\000t\000r\000o\000d\000u\000c\000t\000i\000o\000n}{}% 1
\BOOKMARK [2][-]{section*.2}{\376\377\000C\000o\000n\000t\000r\000i\000b\000u\000t\000i\000o\000n\000s}{section*.1}% 2
\BOOKMARK [2][-]{section*.3}{\376\377\000R\000e\000l\000a\000t\000i\000o\000n\000s\000h\000i\000p\000\040\000t\000o\000\040\000P\000r\000i\000o\000r\000\040\000W\000o\000r\000k}{section*.1}% 3
\BOOKMARK [1][-]{section*.4}{\376\377\000T\000h\000e\000o\000r\000y}{}% 4
\BOOKMARK [2][-]{section*.5}{\376\377\000R\000e\000l\000a\000t\000i\000v\000e\000-\000P\000e\000r\000i\000o\000d\000i\000c\000\040\000M\000o\000d\000e\000l\000\040\000C\000l\000a\000s\000s}{section*.4}% 5
\BOOKMARK [2][-]{section*.6}{\376\377\000O\000r\000b\000i\000t\000-\000C\000l\000a\000s\000s\000\040\000R\000e\000d\000u\000c\000t\000i\000o\000n}{section*.4}% 6
\BOOKMARK [2][-]{section*.7}{\376\377\000M\000o\000n\000o\000t\000o\000n\000i\000c\000i\000t\000y\000\040\000a\000n\000d\000\040\000O\000v\000e\000r\000c\000a\000p\000a\000c\000i\000t\000y}{section*.4}% 7
\BOOKMARK [2][-]{section*.8}{\376\377\000B\000e\000r\000n\000o\000u\000l\000l\000i\000\040\000N\000M\000L\000\040\000C\000r\000i\000t\000e\000r\000i\000o\000n}{section*.4}% 8
\BOOKMARK [2][-]{section*.9}{\376\377\000S\000t\000a\000b\000i\000l\000i\000z\000a\000t\000i\000o\000n\000\040\000T\000h\000e\000o\000r\000e\000m}{section*.4}% 9
\BOOKMARK [2][-]{section*.10}{\376\377\000N\000o\000n\000i\000d\000e\000n\000t\000i\000f\000i\000a\000b\000i\000l\000i\000t\000y\000\040\000a\000n\000d\000\040\000I\000d\000e\000n\000t\000i\000f\000i\000a\000b\000i\000l\000i\000t\000y}{section*.4}% 10
\BOOKMARK [1][-]{section*.11}{\376\377\000C\000r\000o\000s\000s\000-\000D\000i\000m\000e\000n\000s\000i\000o\000n\000a\000l\000\040\000E\000x\000p\000e\000r\000i\000m\000e\000n\000t\000s}{}% 11
\BOOKMARK [2][-]{section*.12}{\376\377\0001\000D\000\040\000E\000l\000e\000m\000e\000n\000t\000a\000r\000y\000\040\000C\000A}{section*.11}% 12
\BOOKMARK [2][-]{section*.13}{\376\377\0002\000D\000\040\000T\000o\000t\000a\000l\000i\000s\000t\000i\000c\000\040\000R\000u\000l\000e\000s}{section*.11}% 13
\BOOKMARK [2][-]{section*.18}{\376\377\0003\000D\000\040\000T\000o\000t\000a\000l\000i\000s\000t\000i\000c\000\040\000R\000u\000l\000e\000s}{section*.11}% 14
\BOOKMARK [2][-]{section*.19}{\376\377\000S\000t\000a\000b\000i\000l\000i\000z\000a\000t\000i\000o\000n\000\040\000S\000u\000m\000m\000a\000r\000y}{section*.11}% 15
\BOOKMARK [1][-]{section*.20}{\376\377\000A\000p\000p\000l\000i\000c\000a\000t\000i\000o\000n\000:\000\040\000P\000e\000r\000s\000i\000s\000t\000e\000n\000t\000\040\000S\000t\000r\000u\000c\000t\000u\000r\000e\000d\000\040\000D\000e\000f\000e\000c\000t\000s\000\040\000i\000n\000\040\0002\000D}{}% 16
\BOOKMARK [2][-]{section*.21}{\376\377\0004\0000\0000\000-\000S\000t\000e\000p\000\040\000V\000e\000r\000i\000f\000i\000c\000a\000t\000i\000o\000n}{section*.20}% 17
\BOOKMARK [2][-]{section*.22}{\376\377\000S\000i\000z\000e\000\040\000S\000c\000a\000l\000i\000n\000g}{section*.20}% 18
\BOOKMARK [1][-]{section*.23}{\376\377\000D\000i\000s\000c\000u\000s\000s\000i\000o\000n}{}% 19
\BOOKMARK [2][-]{section*.24}{\376\377\000W\000h\000a\000t\000\040\000t\000h\000e\000\040\000T\000h\000e\000o\000r\000y\000\040\000P\000r\000o\000v\000i\000d\000e\000s}{section*.23}% 20
\BOOKMARK [2][-]{section*.25}{\376\377\000N\000M\000L\000\040\000v\000s\000\040\000L\000e\000g\000a\000c\000y\000\040\000M\000D\000L}{section*.23}% 21
\BOOKMARK [2][-]{section*.26}{\376\377\000L\000i\000m\000i\000t\000a\000t\000i\000o\000n\000s}{section*.23}% 22
\BOOKMARK [2][-]{section*.27}{\376\377\000F\000u\000t\000u\000r\000e\000\040\000W\000o\000r\000k}{section*.23}% 23
\BOOKMARK [1][-]{section*.28}{\376\377\000C\000o\000n\000c\000l\000u\000s\000i\000o\000n}{}% 24
